<?xml version="1.0" encoding="UTF-8"?>
<!-- Generated by org.testng.reporters.JUnitReportReporter -->
<testsuite hostname="DESKTOP-UA9EHV9" failures="0" tests="1" name="Academy.ValidateNavigationBar" time="0.065" errors="0" timestamp="24 Feb 2022 16:39:15 GMT">
  <testcase classname="Academy.ValidateNavigationBar" name="basePageNavigation" time="0.065"/>
</testsuite> <!-- Academy.ValidateNavigationBar -->
