<?xml version="1.0" encoding="UTF-8"?>
<!-- Generated by org.testng.reporters.JUnitReportReporter -->
<testsuite hostname="DESKTOP-UA9EHV9" failures="0" tests="2" name="Academy.HomePage" time="13.316" errors="0" timestamp="24 Feb 2022 16:39:15 GMT">
  <testcase classname="Academy.HomePage" name="basePageNavigation" time="11.106"/>
  <testcase classname="Academy.HomePage" name="basePageNavigation" time="2.210"/>
</testsuite> <!-- Academy.HomePage -->
