<?xml version="1.0" encoding="UTF-8"?>
<!-- Generated by org.testng.reporters.JUnitReportReporter -->
<testsuite hostname="DESKTOP-UA9EHV9" name="Academy.ValidateNavigationBar" tests="1" failures="0" timestamp="24 Feb 2022 04:31:34 GMT" time="0.076" errors="0">
  <testcase name="basePageNavigation" time="0.076" classname="Academy.ValidateNavigationBar"/>
</testsuite> <!-- Academy.ValidateNavigationBar -->
