<?xml version="1.0" encoding="UTF-8"?>
<!-- Generated by org.testng.reporters.JUnitReportReporter -->
<testsuite hostname="DESKTOP-UA9EHV9" name="Academy.HomePage" tests="2" failures="0" timestamp="24 Feb 2022 04:31:34 GMT" time="8.616" errors="0">
  <testcase name="basePageNavigation" time="6.334" classname="Academy.HomePage"/>
  <testcase name="basePageNavigation" time="2.282" classname="Academy.HomePage"/>
</testsuite> <!-- Academy.HomePage -->
