<?xml version="1.0" encoding="UTF-8"?>
<!-- Generated by org.testng.reporters.JUnitReportReporter -->
<testsuite hostname="DESKTOP-UA9EHV9" name="Academy.AppTest" tests="1" failures="0" timestamp="24 Feb 2022 02:49:01 GMT" time="0.002" errors="0">
  <testcase name="shouldAnswerWithTrue" time="0.002" classname="Academy.AppTest"/>
</testsuite> <!-- Academy.AppTest -->
